Arguments: 
  /Users/guymarriott/.nvm/versions/node/v16.11.1/bin/node /usr/local/Cellar/yarn/1.22.17/libexec/bin/yarn.js install

PATH: 
  /usr/local/opt/ruby/bin:/Users/guymarriott/.nvm/versions/node/v16.11.1/bin:/usr/local/bin:/usr/bin:/bin:/usr/sbin:/sbin

Yarn version: 
  1.22.17

Node version: 
  16.11.1

Platform: 
  darwin x64

Trace: 
  SyntaxError: /Users/guymarriott/projects/chec/integration-config-app/package.json: Unexpected token } in JSON at position 266
      at JSON.parse (<anonymous>)
      at /usr/local/Cellar/yarn/1.22.17/libexec/lib/cli.js:1625:59
      at Generator.next (<anonymous>)
      at step (/usr/local/Cellar/yarn/1.22.17/libexec/lib/cli.js:310:30)
      at /usr/local/Cellar/yarn/1.22.17/libexec/lib/cli.js:321:13

npm manifest: 
  {
    "name": "integration-config-app",
    "version": "0.0.0",
    "main": "index.js",
    "license": "BSD-3-Clause",
    "private": true,
    "dependencies": {
      "postmate": "^1.5.2",
      "typescript": "^4.4.4"
    },
    "devDependencies": {
      "@types/postmate": "^1.5.2",
    }
  }

yarn manifest: 
  No manifest

Lockfile: 
  # THIS IS AN AUTOGENERATED FILE. DO NOT EDIT THIS FILE DIRECTLY.
  # yarn lockfile v1
  
  
  "@types/postmate@^1.5.2":
    version "1.5.2"
    resolved "https://registry.yarnpkg.com/@types/postmate/-/postmate-1.5.2.tgz#15b2b0b279d499f4350a893bec722075c74dc2f1"
    integrity sha512-BpNgyT6GBX1o6MES5SDEnfFhaeLyHWb8JDxF2ph3kZPqaGDPGZ3fZ8DDXV47Dpq9Sx7D9fC8EheqPuUqRWTI/A==
  
  "@typescript/lib-dom@npm:@types/web":
    version "0.0.46"
    resolved "https://registry.yarnpkg.com/@types/web/-/web-0.0.46.tgz#7f447e5eb3c511dbdc6f69e435f7ec4311d18b48"
    integrity sha512-ki0OmbjSdAEfvmy5AYWFpMkRsPW+6h4ibQ4tzk8SJsS9dkrrD3B/U1eVvdNNWxAzntjq6o2sjSia6UBCoPH+Yg==
  
  postmate@^1.5.2:
    version "1.5.2"
    resolved "https://registry.yarnpkg.com/postmate/-/postmate-1.5.2.tgz#d59a78b3780023c5d32225fd40633b364958bdb3"
    integrity sha512-EHLlEmrUA/hALls49oBrtE7BzDXXjB9EiO4MZpsoO3R/jRuBmD+2WKQuYAbeuVEpTzrPpUTT79z2cz4qaFgPRg==
  
  typescript@^4.4.4:
    version "4.4.4"
    resolved "https://registry.yarnpkg.com/typescript/-/typescript-4.4.4.tgz#2cd01a1a1f160704d3101fd5a58ff0f9fcb8030c"
    integrity sha512-DqGhF5IKoBl8WNf8C1gu8q0xZSInh9j1kJJMqT3a94w1JzVaBU4EXOSMrz9yDqMT0xt3selp83fuFMQ0uzv6qA==
